This is pdfTeX, Version 3.14159265-2.6-1.40.17 (TeX Live 2016/W32TeX) (preloaded format=pdflatex 2017.3.16)  26 DEC 2018 11:38
entering extended mode
 restricted \write18 enabled.
 %&-line parsing enabled.
**./Remerciements.tex
(./Remerciements.tex
LaTeX2e <2017/01/01> patch level 3
Babel <3.9r> and hyphenation patterns for 83 language(s) loaded.
! Undefined control sequence.
l.1 \section
            *{Remerciements}
The control sequence at the end of the top line
of your error message was never \def'ed. If you have
misspelled it (e.g., `\hobx'), type `I' and the correct
spelling (e.g., `I\hbox'). Otherwise just continue,
and I'll forget about whatever was undefined.


! LaTeX Error: Missing \begin{document}.

See the LaTeX manual or LaTeX Companion for explanation.
Type  H <return>  for immediate help.
 ...                                              
                                                  
l.1 \section*
             {Remerciements}
You're in trouble here.  Try typing  <return>  to proceed.
If that doesn't work, type  X <return>  to quit.

Missing character: There is no * in font nullfont!
Missing character: There is no R in font nullfont!
Missing character: There is no e in font nullfont!
Missing character: There is no m in font nullfont!
Missing character: There is no e in font nullfont!
Missing character: There is no r in font nullfont!
Missing character: There is no c in font nullfont!
Missing character: There is no i in font nullfont!
Missing character: There is no e in font nullfont!
Missing character: There is no m in font nullfont!
Missing character: There is no e in font nullfont!
Missing character: There is no n in font nullfont!
Missing character: There is no t in font nullfont!
Missing character: There is no s in font nullfont!

Overfull \hbox (20.0pt too wide) in paragraph at lines 1--2
[] 
 []

Missing character: There is no Ã in font cmti10!
Missing character: There is no € in font cmti10!
Missing character: There is no Ã in font cmti10!
Missing character: There is no ‰ in font cmti10!
Missing character: There is no Ã in font cmti10!
Missing character: There is no © in font cmti10!
Missing character: There is no Ã in font cmti10!
Missing character: There is no © in font cmti10!
Missing character: There is no Ã in font cmti10!
Missing character: There is no © in font cmti10!

Overfull \hbox (9.96658pt too wide) in paragraph at lines 5--5
 \OT1/cmr/m/it/10 ti- 
 []


Overfull \hbox (20.4443pt too wide) in paragraph at lines 5--5
 \OT1/cmr/m/it/10 enne 
 []


Overfull \hbox (39.50525pt too wide) in paragraph at lines 5--5
 \OT1/cmr/m/it/10 Marceau, 
 []


Overfull \hbox (19.16655pt too wide) in paragraph at lines 5--5
 \OT1/cmr/m/it/10 vous 
 []


Overfull \hbox (18.39987pt too wide) in paragraph at lines 5--5
 \OT1/cmr/m/it/10 avez 
 []


Overfull \hbox (21.72206pt too wide) in paragraph at lines 5--5
 \OT1/cmr/m/it/10 toute 
 []


Overfull \hbox (22.36093pt too wide) in paragraph at lines 5--5
 \OT1/cmr/m/it/10 notre 
 []


Overfull \hbox (20.31648pt too wide) in paragraph at lines 5--5
 \OT1/cmr/m/it/10 grat- 
 []


Overfull \hbox (6.6444pt too wide) in paragraph at lines 5--5
 \OT1/cmr/m/it/10 i- 
 []


Overfull \hbox (18.39987pt too wide) in paragraph at lines 5--5
 \OT1/cmr/m/it/10 tude 
 []


Overfull \hbox (19.29431pt too wide) in paragraph at lines 5--5
 \OT1/cmr/m/it/10 pour 
 []


Overfull \hbox (20.18878pt too wide) in paragraph at lines 5--5
 \OT1/cmr/m/it/10 nous 
 []


Overfull \hbox (22.10541pt too wide) in paragraph at lines 5--5
 \OT1/cmr/m/it/10 avoir 
 []


Overfull \hbox (11.75548pt too wide) in paragraph at lines 5--5
 \OT1/cmr/m/it/10 of- 
 []


Overfull \hbox (15.20543pt too wide) in paragraph at lines 5--5
 \OT1/cmr/m/it/10 fert 
 []


Overfull \hbox (50.4719pt too wide) in paragraph at lines 5--5
 \OT1/cmr/m/it/10 l'opportunit 
 []


Overfull \hbox (9.71104pt too wide) in paragraph at lines 5--5
 \OT1/cmr/m/it/10 de 
 []


Overfull \hbox (19.54985pt too wide) in paragraph at lines 5--5
 \OT1/cmr/m/it/10 faire 
 []


Overfull \hbox (10.98883pt too wide) in paragraph at lines 5--5
 \OT1/cmr/m/it/10 un 
 []


Overfull \hbox (10.47769pt too wide) in paragraph at lines 5--5
 \OT1/cmr/m/it/10 tel 
 []


Overfull \hbox (17.50542pt too wide) in paragraph at lines 5--5
 \OT1/cmr/m/it/10 pro- 
 []


Overfull \hbox (10.9888pt too wide) in paragraph at lines 5--5
 \OT1/cmr/m/it/10 jet 
 []


Overfull \hbox (7.92215pt too wide) in paragraph at lines 5--5
 \OT1/cmr/m/it/10 et 
 []


Overfull \hbox (19.29431pt too wide) in paragraph at lines 5--5
 \OT1/cmr/m/it/10 pour 
 []


Overfull \hbox (20.18878pt too wide) in paragraph at lines 5--5
 \OT1/cmr/m/it/10 nous 
 []


Overfull \hbox (22.10541pt too wide) in paragraph at lines 5--5
 \OT1/cmr/m/it/10 avoir 
 []


Overfull \hbox (18.14433pt too wide) in paragraph at lines 5--5
 \OT1/cmr/m/it/10 guid 
 []


Overfull \hbox (7.92215pt too wide) in paragraph at lines 5--5
 \OT1/cmr/m/it/10 et 
 []


Overfull \hbox (18.39986pt too wide) in paragraph at lines 5--5
 \OT1/cmr/m/it/10 con- 
 []


Overfull \hbox (17.37767pt too wide) in paragraph at lines 5--5
 \OT1/cmr/m/it/10 seill 
 []


Overfull \hbox (17.1221pt too wide) in paragraph at lines 5--5
 \OT1/cmr/m/it/10 tout 
 []


Overfull \hbox (10.47772pt too wide) in paragraph at lines 5--5
 \OT1/cmr/m/it/10 au 
 []


Overfull \hbox (17.88878pt too wide) in paragraph at lines 5--5
 \OT1/cmr/m/it/10 long 
 []


Overfull \hbox (9.71104pt too wide) in paragraph at lines 5--5
 \OT1/cmr/m/it/10 de 
 []


Overfull \hbox (23.25537pt too wide) in paragraph at lines 5--5
 \OT1/cmr/m/it/10 celui- 
 []


Overfull \hbox (10.73326pt too wide) in paragraph at lines 5--5
 \OT1/cmr/m/it/10 ci. 
 []

Missing character: There is no Ã in font cmti10!
Missing character: There is no © in font cmti10!
Missing character: There is no Ã in font cmti10!
Missing character: There is no © in font cmti10!
Missing character: There is no Ã in font cmti10!
Missing character: There is no © in font cmti10!
Missing character: There is no Ã in font cmti10!
Missing character: There is no © in font cmti10!
Missing character: There is no Ã in font cmti10!
Missing character: There is no ¨ in font cmti10!
Missing character: There is no Ã in font cmti10!
Missing character: There is no © in font cmti10!
Missing character: There is no Ã in font cmti10!
Missing character: There is no   in font cmti10!
Missing character: There is no Ã in font cmti10!
Missing character: There is no © in font cmti10!
Missing character: There is no Ã in font cmti10!
Missing character: There is no © in font cmti10!
Missing character: There is no Ã in font cmti10!
Missing character: There is no © in font cmti10!
Missing character: There is no Ã in font cmbxti10!
Missing character: There is no © in font cmbxti10!

Overfull \hbox (21.99988pt too wide) in paragraph at lines 8--9
 []\OT1/cmr/m/it/10 Nous 
 []


Overfull \hbox (24.53317pt too wide) in paragraph at lines 8--9
 \OT1/cmr/m/it/10 aime- 
 []


Overfull \hbox (10.86102pt too wide) in paragraph at lines 8--9
 \OT1/cmr/m/it/10 ri- 
 []


Overfull \hbox (14.82214pt too wide) in paragraph at lines 8--9
 \OT1/cmr/m/it/10 ons 
 []


Overfull \hbox (20.44429pt too wide) in paragraph at lines 8--9
 \OT1/cmr/m/it/10 gale- 
 []


Overfull \hbox (21.72208pt too wide) in paragraph at lines 8--9
 \OT1/cmr/m/it/10 ment 
 []


Overfull \hbox (11.88321pt too wide) in paragraph at lines 8--9
 \OT1/cmr/m/it/10 re- 
 []


Overfull \hbox (32.9664pt too wide) in paragraph at lines 8--9
 \OT1/cmr/m/it/10 mercier 
 []


Overfull \hbox (23.58041pt too wide) in paragraph at lines 8--9
 \OT1/cmr/m/it/10 Ghis- 
 []


Overfull \hbox (16.35547pt too wide) in paragraph at lines 8--9
 \OT1/cmr/m/it/10 lain 
 []


Overfull \hbox (24.16093pt too wide) in paragraph at lines 8--9
 \OT1/cmr/m/it/10 Lveill 
 []


Overfull \hbox (19.29431pt too wide) in paragraph at lines 8--9
 \OT1/cmr/m/it/10 pour 
 []


Overfull \hbox (20.18878pt too wide) in paragraph at lines 8--9
 \OT1/cmr/m/it/10 nous 
 []


Overfull \hbox (22.10541pt too wide) in paragraph at lines 8--9
 \OT1/cmr/m/it/10 avoir 
 []


Overfull \hbox (14.56657pt too wide) in paragraph at lines 8--9
 \OT1/cmr/m/it/10 fait 
 []


Overfull \hbox (17.24986pt too wide) in paragraph at lines 8--9
 \OT1/cmr/m/it/10 part 
 []


Overfull \hbox (9.71104pt too wide) in paragraph at lines 8--9
 \OT1/cmr/m/it/10 de 
 []


Overfull \hbox (14.82214pt too wide) in paragraph at lines 8--9
 \OT1/cmr/m/it/10 son 
 []


Overfull \hbox (12.81657pt too wide) in paragraph at lines 8--9
 \OT1/cmr/m/it/10 ex- 
 []


Overfull \hbox (31.30531pt too wide) in paragraph at lines 8--9
 \OT1/cmr/m/it/10 prience 
 []


Overfull \hbox (10.22215pt too wide) in paragraph at lines 8--9
 \OT1/cmr/m/it/10 en 
 []


Overfull \hbox (27.98312pt too wide) in paragraph at lines 8--9
 \OT1/cmr/m/it/10 matire 
 []


Overfull \hbox (40.12198pt too wide) in paragraph at lines 8--9
 \OT1/cmr/m/it/10 d'analyse 
 []


Overfull \hbox (9.71104pt too wide) in paragraph at lines 8--9
 \OT1/cmr/m/it/10 de 
 []


Overfull \hbox (39.22748pt too wide) in paragraph at lines 8--9
 \OT1/cmr/m/it/10 frquence. 
 []


Overfull \hbox (13.17212pt too wide) in paragraph at lines 8--9
 \OT1/cmr/m/it/10 Fi- 
 []


Overfull \hbox (21.46652pt too wide) in paragraph at lines 8--9
 \OT1/cmr/m/it/10 nale- 
 []


Overfull \hbox (24.78873pt too wide) in paragraph at lines 8--9
 \OT1/cmr/m/it/10 ment, 
 []


Overfull \hbox (20.18878pt too wide) in paragraph at lines 8--9
 \OT1/cmr/m/it/10 nous 
 []


Overfull \hbox (28.36649pt too wide) in paragraph at lines 8--9
 \OT1/cmr/m/it/10 tenons 
 []


Overfull \hbox (39.22752pt too wide) in paragraph at lines 8--9
 \OT1/cmr/m/it/10 souligner 
 []


Overfull \hbox (7.66663pt too wide) in paragraph at lines 8--9
 \OT1/cmr/m/it/10 la 
 []


Overfull \hbox (13.7999pt too wide) in paragraph at lines 8--9
 \OT1/cmr/m/it/10 gn- 
 []


Overfull \hbox (19.2943pt too wide) in paragraph at lines 8--9
 \OT1/cmr/m/it/10 rosit 
 []


Overfull \hbox (9.71104pt too wide) in paragraph at lines 8--9
 \OT1/cmr/m/it/10 de 
 []


Overfull \hbox (24.31642pt too wide) in paragraph at lines 8--9
 \OT1/cmr/bx/it/10 Nom 
 []


Overfull \hbox (11.2332pt too wide) in paragraph at lines 8--9
 \OT1/cmr/bx/it/10 de 
 []


Overfull \hbox (8.87767pt too wide) in paragraph at lines 8--9
 \OT1/cmr/bx/it/10 la 
 []


Overfull \hbox (24.23306pt too wide) in paragraph at lines 8--9
 \OT1/cmr/bx/it/10 com- 
 []


Overfull \hbox (20.69975pt too wide) in paragraph at lines 8--9
 \OT1/cmr/bx/it/10 pag- 
 []


Overfull \hbox (15.37762pt too wide) in paragraph at lines 8--9
 \OT1/cmr/bx/it/10 nie 
 []


Overfull \hbox (15.08318pt too wide) in paragraph at lines 8--9
 \OT1/cmr/bx/it/10 qui 
 []


Overfull \hbox (5.91104pt too wide) in paragraph at lines 8--9
 \OT1/cmr/bx/it/10 a 
 []


Overfull \hbox (10.88884pt too wide) in paragraph at lines 8--9
 \OT1/cmr/bx/it/10 fi- 
 []


Overfull \hbox (24.23308pt too wide) in paragraph at lines 8--9
 \OT1/cmr/bx/it/10 nanc 
 []


Overfull \hbox (39.09398pt too wide) in paragraph at lines 8--9
 \OT1/cmr/bx/it/10 Amedeo 
 []


Overfull \hbox (19.29431pt too wide) in paragraph at lines 8--9
 \OT1/cmr/m/it/10 pour 
 []


Overfull \hbox (22.10541pt too wide) in paragraph at lines 8--9
 \OT1/cmr/m/it/10 avoir 
 []


Overfull \hbox (9.19994pt too wide) in paragraph at lines 8--9
 \OT1/cmr/m/it/10 fi- 
 []


Overfull \hbox (29.2609pt too wide) in paragraph at lines 8--9
 \OT1/cmr/m/it/10 nancer 
 []


Overfull \hbox (8.6888pt too wide) in paragraph at lines 8--9
 \OT1/cmr/m/it/10 ce 
 []


Overfull \hbox (17.50542pt too wide) in paragraph at lines 8--9
 \OT1/cmr/m/it/10 pro- 
 []


Overfull \hbox (14.05545pt too wide) in paragraph at lines 8--9
 \OT1/cmr/m/it/10 jet. 
 []

)
! Emergency stop.
<*> ./Remerciements.tex
                       
*** (job aborted, no legal \end found)

 
Here is how much of TeX's memory you used:
 10 strings out of 493013
 209 string characters out of 6136993
 55646 words of memory out of 5000000
 3652 multiletter control sequences out of 15000+600000
 4345 words of font info for 16 fonts, out of 8000000 for 9000
 1141 hyphenation exceptions out of 8191
 15i,1n,11p,325b,153s stack positions out of 5000i,500n,10000p,200000b,80000s
!  ==> Fatal error occurred, no output PDF file produced!
